This file contains any messages produced by compilers while
running configure, to aid debugging if configure makes a mistake.

It was created by scribes configure 0.3.4-dev3, which was
generated by GNU Autoconf 2.61.  Invocation command line was

  $ ./configure --enable-maintainer-mode

## --------- ##
## Platform. ##
## --------- ##

hostname = meek
uname -m = i686
uname -r = 2.6.24-21-generic
uname -s = Linux
uname -v = #1 SMP Mon Aug 25 17:32:09 UTC 2008

/usr/bin/uname -p = unknown
/bin/uname -X     = unknown

/bin/arch              = unknown
/usr/bin/arch -k       = unknown
/usr/convex/getsysinfo = unknown
/usr/bin/hostinfo      = unknown
/bin/machine           = unknown
/usr/bin/oslevel       = unknown
/bin/universe          = unknown

PATH: /usr/local/sbin
PATH: /usr/local/bin
PATH: /usr/sbin
PATH: /usr/bin
PATH: /sbin
PATH: /bin
PATH: /usr/games
PATH: /usr/X11R6/bin


## ----------- ##
## Core tests. ##
## ----------- ##

configure:1864: checking for a BSD-compatible install
configure:1920: result: /usr/bin/install -c
configure:1931: checking whether build environment is sane
configure:1974: result: yes
configure:2002: checking for a thread-safe mkdir -p
configure:2041: result: /bin/mkdir -p
configure:2054: checking for gawk
configure:2084: result: no
configure:2054: checking for mawk
configure:2070: found /usr/bin/mawk
configure:2081: result: mawk
configure:2092: checking whether make sets $(MAKE)
configure:2113: result: yes
configure:2301: checking whether to enable maintainer-specific portions of Makefiles
configure:2310: result: yes
configure:2339: checking for style of include used by make
configure:2367: result: GNU
configure:2437: checking for gcc
configure:2453: found /usr/bin/gcc
configure:2464: result: gcc
configure:2702: checking for C compiler version
configure:2709: gcc --version >&5
gcc (GCC) 4.2.4 (Ubuntu 4.2.4-1ubuntu1)
Copyright (C) 2007 Free Software Foundation, Inc.
This is free software; see the source for copying conditions.  There is NO
warranty; not even for MERCHANTABILITY or FITNESS FOR A PARTICULAR PURPOSE.

configure:2712: $? = 0
configure:2719: gcc -v >&5
Using built-in specs.
Target: i486-linux-gnu
Configured with: ../src/configure -v --enable-languages=c,c++,fortran,objc,obj-c++,treelang --prefix=/usr --enable-shared --with-system-zlib --libexecdir=/usr/lib --without-included-gettext --enable-threads=posix --enable-nls --with-gxx-include-dir=/usr/include/c++/4.2 --program-suffix=-4.2 --enable-clocale=gnu --enable-libstdcxx-debug --enable-objc-gc --enable-mpfr --enable-targets=all --enable-checking=release --build=i486-linux-gnu --host=i486-linux-gnu --target=i486-linux-gnu
Thread model: posix
gcc version 4.2.4 (Ubuntu 4.2.4-1ubuntu1)
configure:2722: $? = 0
configure:2729: gcc -V >&5
gcc: '-V' option must have argument
configure:2732: $? = 1
configure:2755: checking for C compiler default output file name
configure:2782: gcc    conftest.c  >&5
configure:2785: $? = 0
configure:2823: result: a.out
configure:2840: checking whether the C compiler works
configure:2850: ./a.out
configure:2853: $? = 0
configure:2870: result: yes
configure:2877: checking whether we are cross compiling
configure:2879: result: no
configure:2882: checking for suffix of executables
configure:2889: gcc -o conftest    conftest.c  >&5
configure:2892: $? = 0
configure:2916: result: 
configure:2922: checking for suffix of object files
configure:2948: gcc -c   conftest.c >&5
configure:2951: $? = 0
configure:2974: result: o
configure:2978: checking whether we are using the GNU C compiler
configure:3007: gcc -c   conftest.c >&5
configure:3013: $? = 0
configure:3030: result: yes
configure:3035: checking whether gcc accepts -g
configure:3065: gcc -c -g  conftest.c >&5
configure:3071: $? = 0
configure:3170: result: yes
configure:3187: checking for gcc option to accept ISO C89
configure:3261: gcc  -c -g -O2  conftest.c >&5
configure:3267: $? = 0
configure:3290: result: none needed
configure:3310: checking dependency style of gcc
configure:3401: result: none
configure:3429: checking for intltool >= 0.35.0
configure:3436: result: 0.37.1 found
configure:3487: checking for xgettext
configure:3505: found /usr/bin/xgettext
configure:3517: result: /usr/bin/xgettext
configure:3527: checking for msgmerge
configure:3545: found /usr/bin/msgmerge
configure:3557: result: /usr/bin/msgmerge
configure:3567: checking for msgfmt
configure:3585: found /usr/bin/msgfmt
configure:3597: result: /usr/bin/msgfmt
configure:3629: checking for perl
configure:3647: found /usr/bin/perl
configure:3659: result: /usr/bin/perl
configure:3678: checking for XML::Parser
configure:3681: result: ok
configure:3718: gcc -o conftest -g -O2   conftest.c  >&5
configure:3724: $? = 0
configure:3858: checking how to run the C preprocessor
configure:3898: gcc -E  conftest.c
configure:3904: $? = 0
configure:3935: gcc -E  conftest.c
conftest.c:11:28: error: ac_nonexistent.h: No such file or directory
configure:3941: $? = 1
configure: failed program was:
| /* confdefs.h.  */
| #define PACKAGE_NAME "scribes"
| #define PACKAGE_TARNAME "scribes"
| #define PACKAGE_VERSION "0.3.4-dev3"
| #define PACKAGE_STRING "scribes 0.3.4-dev3"
| #define PACKAGE_BUGREPORT "<mystilleef@gmail.com>"
| #define PACKAGE "scribes"
| #define VERSION "0.3.4-dev3"
| #define GETTEXT_PACKAGE "scribes"
| /* end confdefs.h.  */
| #include <ac_nonexistent.h>
configure:3974: result: gcc -E
configure:4003: gcc -E  conftest.c
configure:4009: $? = 0
configure:4040: gcc -E  conftest.c
conftest.c:11:28: error: ac_nonexistent.h: No such file or directory
configure:4046: $? = 1
configure: failed program was:
| /* confdefs.h.  */
| #define PACKAGE_NAME "scribes"
| #define PACKAGE_TARNAME "scribes"
| #define PACKAGE_VERSION "0.3.4-dev3"
| #define PACKAGE_STRING "scribes 0.3.4-dev3"
| #define PACKAGE_BUGREPORT "<mystilleef@gmail.com>"
| #define PACKAGE "scribes"
| #define VERSION "0.3.4-dev3"
| #define GETTEXT_PACKAGE "scribes"
| /* end confdefs.h.  */
| #include <ac_nonexistent.h>
configure:4084: checking for grep that handles long lines and -e
configure:4158: result: /bin/grep
configure:4163: checking for egrep
configure:4241: result: /bin/grep -E
configure:4246: checking for ANSI C header files
configure:4276: gcc -c -g -O2  conftest.c >&5
configure:4282: $? = 0
configure:4381: gcc -o conftest -g -O2   conftest.c  >&5
configure:4384: $? = 0
configure:4390: ./conftest
configure:4393: $? = 0
configure:4410: result: yes
configure:4434: checking for sys/types.h
configure:4455: gcc -c -g -O2  conftest.c >&5
configure:4461: $? = 0
configure:4477: result: yes
configure:4434: checking for sys/stat.h
configure:4455: gcc -c -g -O2  conftest.c >&5
configure:4461: $? = 0
configure:4477: result: yes
configure:4434: checking for stdlib.h
configure:4455: gcc -c -g -O2  conftest.c >&5
configure:4461: $? = 0
configure:4477: result: yes
configure:4434: checking for string.h
configure:4455: gcc -c -g -O2  conftest.c >&5
configure:4461: $? = 0
configure:4477: result: yes
configure:4434: checking for memory.h
configure:4455: gcc -c -g -O2  conftest.c >&5
configure:4461: $? = 0
configure:4477: result: yes
configure:4434: checking for strings.h
configure:4455: gcc -c -g -O2  conftest.c >&5
configure:4461: $? = 0
configure:4477: result: yes
configure:4434: checking for inttypes.h
configure:4455: gcc -c -g -O2  conftest.c >&5
configure:4461: $? = 0
configure:4477: result: yes
configure:4434: checking for stdint.h
configure:4455: gcc -c -g -O2  conftest.c >&5
configure:4461: $? = 0
configure:4477: result: yes
configure:4434: checking for unistd.h
configure:4455: gcc -c -g -O2  conftest.c >&5
configure:4461: $? = 0
configure:4477: result: yes
configure:4505: checking locale.h usability
configure:4522: gcc -c -g -O2  conftest.c >&5
configure:4528: $? = 0
configure:4542: result: yes
configure:4546: checking locale.h presence
configure:4561: gcc -E  conftest.c
configure:4567: $? = 0
configure:4581: result: yes
configure:4614: checking for locale.h
configure:4622: result: yes
configure:4636: checking for LC_MESSAGES
configure:4662: gcc -o conftest -g -O2   conftest.c  >&5
configure:4668: $? = 0
configure:4685: result: yes
configure:4714: checking libintl.h usability
configure:4731: gcc -c -g -O2  conftest.c >&5
configure:4737: $? = 0
configure:4751: result: yes
configure:4755: checking libintl.h presence
configure:4770: gcc -E  conftest.c
configure:4776: $? = 0
configure:4790: result: yes
configure:4823: checking for libintl.h
configure:4830: result: yes
configure:4841: checking for ngettext in libc
configure:4869: gcc -o conftest -g -O2   conftest.c  >&5
configure:4875: $? = 0
configure:4893: result: yes
configure:4897: checking for dgettext in libc
configure:4925: gcc -o conftest -g -O2   conftest.c  >&5
configure:4931: $? = 0
configure:4949: result: yes
configure:4958: checking for bind_textdomain_codeset
configure:5014: gcc -o conftest -g -O2   conftest.c  >&5
configure:5020: $? = 0
configure:5038: result: yes
configure:5525: checking for msgfmt
configure:5552: result: /usr/bin/msgfmt
configure:5565: checking for dcgettext
configure:5621: gcc -o conftest -g -O2   conftest.c   >&5
conftest.c:48: warning: conflicting types for built-in function 'dcgettext'
configure:5627: $? = 0
configure:5645: result: yes
configure:5656: checking if msgfmt accepts -c
configure:5671: $MSGFMT -c -o /dev/null conftest.foo
configure:5674: $? = 0
configure:5676: result: yes
configure:5686: checking for gmsgfmt
configure:5717: result: /usr/bin/msgfmt
configure:5727: checking for xgettext
configure:5754: result: /usr/bin/xgettext
configure:5783: gcc -o conftest -g -O2   conftest.c   >&5
configure:5789: $? = 0
configure:5958: checking for catalogs to be installed
configure:5983: result:  de fr nl it pt_BR sv zh_CN
configure:6019: checking for sed
configure:6037: found /bin/sed
configure:6049: result: /bin/sed
configure:6060: checking for yelp
configure:6078: found /usr/bin/yelp
configure:6090: result: /usr/bin/yelp
configure:6147: checking for pkg-config
configure:6165: found /usr/bin/pkg-config
configure:6177: result: /usr/bin/pkg-config
configure:6206: checking pkg-config is at least version 0.9.0
configure:6209: result: yes
configure:6222: $PKG_CONFIG --exists --print-errors "gnome-doc-utils >= $gdu_cv_version_required"
configure:6225: $? = 0
configure:6337: checking for a Python interpreter with version >= 2.5
configure:6352: python -c import sys, string # split strings by '.' and convert to numeric. Append some zeros # because we need at least 4 digits for the hex conversion. minver = map(int, string.split('2.5', '.')) + [0, 0, 0] minverhex = 0 for i in xrange(0, 4): minverhex = (minverhex << 8) + minver[i] sys.exit(sys.hexversion < minverhex)
configure:6355: $? = 0
configure:6362: result: python
configure:6370: checking for python
configure:6388: found /usr/bin/python
configure:6400: result: /usr/bin/python
configure:6420: checking for python version
configure:6427: result: 2.5
configure:6439: checking for python platform
configure:6446: result: linux2
configure:6453: checking for python script directory
configure:6461: result: ${prefix}/lib/python2.5/site-packages
configure:6470: checking for python extension module directory
configure:6478: result: ${exec_prefix}/lib/python2.5/site-packages
configure:6525: gcc -o conftest -g -O2   conftest.c  >&5
configure:6528: $? = 0
configure:6534: ./conftest
configure:6537: $? = 0
configure:6727: creating ./config.status

## ---------------------- ##
## Running config.status. ##
## ---------------------- ##

This file was extended by scribes config.status 0.3.4-dev3, which was
generated by GNU Autoconf 2.61.  Invocation command line was

  CONFIG_FILES    = 
  CONFIG_HEADERS  = 
  CONFIG_LINKS    = 
  CONFIG_COMMANDS = 
  $ ./config.status 

on meek

config.status:698: creating po/Makefile.in
config.status:698: creating Makefile
config.status:698: creating help/Makefile
config.status:698: creating SCRIBES/Makefile
config.status:698: creating data/Makefile
config.status:889: executing depfiles commands
config.status:889: executing intltool commands
config.status:889: executing default-1 commands
config.status:889: executing po/stamp-it commands

## ---------------- ##
## Cache variables. ##
## ---------------- ##

ac_cv_c_compiler_gnu=yes
ac_cv_env_CC_set=
ac_cv_env_CC_value=
ac_cv_env_CFLAGS_set=
ac_cv_env_CFLAGS_value=
ac_cv_env_CPPFLAGS_set=
ac_cv_env_CPPFLAGS_value=
ac_cv_env_CPP_set=
ac_cv_env_CPP_value=
ac_cv_env_LDFLAGS_set=
ac_cv_env_LDFLAGS_value=
ac_cv_env_LIBS_set=
ac_cv_env_LIBS_value=
ac_cv_env_PKG_CONFIG_set=
ac_cv_env_PKG_CONFIG_value=
ac_cv_env_build_alias_set=
ac_cv_env_build_alias_value=
ac_cv_env_host_alias_set=
ac_cv_env_host_alias_value=
ac_cv_env_target_alias_set=
ac_cv_env_target_alias_value=
ac_cv_func_bind_textdomain_codeset=yes
ac_cv_func_dcgettext=yes
ac_cv_header_inttypes_h=yes
ac_cv_header_libintl_h=yes
ac_cv_header_locale_h=yes
ac_cv_header_memory_h=yes
ac_cv_header_stdc=yes
ac_cv_header_stdint_h=yes
ac_cv_header_stdlib_h=yes
ac_cv_header_string_h=yes
ac_cv_header_strings_h=yes
ac_cv_header_sys_stat_h=yes
ac_cv_header_sys_types_h=yes
ac_cv_header_unistd_h=yes
ac_cv_objext=o
ac_cv_path_EGREP='/bin/grep -E'
ac_cv_path_GMSGFMT=/usr/bin/msgfmt
ac_cv_path_GREP=/bin/grep
ac_cv_path_INTLTOOL_PERL=/usr/bin/perl
ac_cv_path_MSGFMT=/usr/bin/msgfmt
ac_cv_path_MSGMERGE=/usr/bin/msgmerge
ac_cv_path_PYTHON=/usr/bin/python
ac_cv_path_SED=/bin/sed
ac_cv_path_XGETTEXT=/usr/bin/xgettext
ac_cv_path_YELP=/usr/bin/yelp
ac_cv_path_ac_pt_PKG_CONFIG=/usr/bin/pkg-config
ac_cv_path_install='/usr/bin/install -c'
ac_cv_path_mkdir=/bin/mkdir
ac_cv_prog_AWK=mawk
ac_cv_prog_CPP='gcc -E'
ac_cv_prog_ac_ct_CC=gcc
ac_cv_prog_cc_c89=
ac_cv_prog_cc_g=yes
ac_cv_prog_make_make_set=yes
am_cv_CC_dependencies_compiler_type=none
am_cv_pathless_PYTHON=python
am_cv_python_platform=linux2
am_cv_python_pyexecdir='${exec_prefix}/lib/python2.5/site-packages'
am_cv_python_pythondir='${prefix}/lib/python2.5/site-packages'
am_cv_python_version=2.5
am_cv_val_LC_MESSAGES=yes
gdu_cv_have_gdu=yes
gdu_cv_version_required=0.3.2
gt_cv_func_dgettext_libc=yes
gt_cv_func_dgettext_libintl=no
gt_cv_func_ngettext_libc=yes
gt_cv_have_gettext=yes

## ----------------- ##
## Output variables. ##
## ----------------- ##

ACLOCAL='${SHELL} /home/meek/scribes-new-dev/missing --run aclocal-1.10'
ACLOCAL_AMFLAGS='${ACLOCAL_FLAGS}'
ALL_LINGUAS='de fr nl it pt_BR sv zh_CN'
AMDEPBACKSLASH='\'
AMDEP_FALSE='#'
AMDEP_TRUE=''
AMTAR='${SHELL} /home/meek/scribes-new-dev/missing --run tar'
AUTOCONF='${SHELL} /home/meek/scribes-new-dev/missing --run autoconf'
AUTOHEADER='${SHELL} /home/meek/scribes-new-dev/missing --run autoheader'
AUTOMAKE='${SHELL} /home/meek/scribes-new-dev/missing --run automake-1.10'
AWK='mawk'
CATALOGS=' de.gmo fr.gmo nl.gmo it.gmo pt_BR.gmo sv.gmo zh_CN.gmo'
CATOBJEXT='.gmo'
CC='gcc'
CCDEPMODE='depmode=none'
CFLAGS='-g -O2'
CPP='gcc -E'
CPPFLAGS=''
CYGPATH_W='echo'
DATADIRNAME='share'
DEFS='-DPACKAGE_NAME=\"scribes\" -DPACKAGE_TARNAME=\"scribes\" -DPACKAGE_VERSION=\"0.3.4-dev3\" -DPACKAGE_STRING=\"scribes\ 0.3.4-dev3\" -DPACKAGE_BUGREPORT=\"\<mystilleef@gmail.com\>\" -DPACKAGE=\"scribes\" -DVERSION=\"0.3.4-dev3\" -DGETTEXT_PACKAGE=\"scribes\" -DSTDC_HEADERS=1 -DHAVE_SYS_TYPES_H=1 -DHAVE_SYS_STAT_H=1 -DHAVE_STDLIB_H=1 -DHAVE_STRING_H=1 -DHAVE_MEMORY_H=1 -DHAVE_STRINGS_H=1 -DHAVE_INTTYPES_H=1 -DHAVE_STDINT_H=1 -DHAVE_UNISTD_H=1 -DHAVE_LOCALE_H=1 -DHAVE_LC_MESSAGES=1 -DHAVE_BIND_TEXTDOMAIN_CODESET=1 -DHAVE_GETTEXT=1 -DHAVE_DCGETTEXT=1 -DENABLE_NLS=1'
DEPDIR='.deps'
DISTCHECK_CONFIGURE_FLAGS='--disable-scrollkeeper '
DOC_USER_FORMATS=''
ECHO_C=''
ECHO_N='-n'
ECHO_T=''
EGREP='/bin/grep -E'
ENABLE_SK_FALSE='#'
ENABLE_SK_TRUE=''
EXEEXT=''
GETTEXT_PACKAGE='scribes'
GMOFILES=' de.gmo fr.gmo nl.gmo it.gmo pt_BR.gmo sv.gmo zh_CN.gmo'
GMSGFMT='/usr/bin/msgfmt'
GREP='/bin/grep'
HAVE_GNOME_DOC_UTILS_FALSE='#'
HAVE_GNOME_DOC_UTILS_TRUE=''
HELP_DIR='${datadir}/gnome/help'
INSTALL_DATA='${INSTALL} -m 644'
INSTALL_PROGRAM='${INSTALL}'
INSTALL_SCRIPT='${INSTALL}'
INSTALL_STRIP_PROGRAM='$(install_sh) -c -s'
INSTOBJEXT='.mo'
INTLLIBS=''
INTLTOOL_CAVES_RULE='%.caves:     %.caves.in     $(INTLTOOL_MERGE) $(wildcard $(top_srcdir)/po/*.po) ; LC_ALL=C $(INTLTOOL_MERGE) -d -u -c $(top_builddir)/po/.intltool-merge-cache $(top_srcdir)/po $< $@'
INTLTOOL_DESKTOP_RULE='%.desktop:   %.desktop.in   $(INTLTOOL_MERGE) $(wildcard $(top_srcdir)/po/*.po) ; LC_ALL=C $(INTLTOOL_MERGE) -d -u -c $(top_builddir)/po/.intltool-merge-cache $(top_srcdir)/po $< $@'
INTLTOOL_DIRECTORY_RULE='%.directory: %.directory.in $(INTLTOOL_MERGE) $(wildcard $(top_srcdir)/po/*.po) ; LC_ALL=C $(INTLTOOL_MERGE) -d -u -c $(top_builddir)/po/.intltool-merge-cache $(top_srcdir)/po $< $@'
INTLTOOL_EXTRACT='$(top_builddir)/intltool-extract'
INTLTOOL_KBD_RULE='%.kbd:       %.kbd.in       $(INTLTOOL_MERGE) $(wildcard $(top_srcdir)/po/*.po) ; LC_ALL=C $(INTLTOOL_MERGE) -x -u -m -c $(top_builddir)/po/.intltool-merge-cache $(top_srcdir)/po $< $@'
INTLTOOL_KEYS_RULE='%.keys:      %.keys.in      $(INTLTOOL_MERGE) $(wildcard $(top_srcdir)/po/*.po) ; LC_ALL=C $(INTLTOOL_MERGE) -k -u -c $(top_builddir)/po/.intltool-merge-cache $(top_srcdir)/po $< $@'
INTLTOOL_MERGE='$(top_builddir)/intltool-merge'
INTLTOOL_OAF_RULE='%.oaf:       %.oaf.in       $(INTLTOOL_MERGE) $(wildcard $(top_srcdir)/po/*.po) ; LC_ALL=C $(INTLTOOL_MERGE) -o -p $(top_srcdir)/po $< $@'
INTLTOOL_PERL='/usr/bin/perl'
INTLTOOL_POLICY_RULE='%.policy:    %.policy.in    $(INTLTOOL_MERGE) $(wildcard $(top_srcdir)/po/*.po) ; LC_ALL=C $(INTLTOOL_MERGE) -x -u -c $(top_builddir)/po/.intltool-merge-cache $(top_srcdir)/po $< $@'
INTLTOOL_PONG_RULE='%.pong:      %.pong.in      $(INTLTOOL_MERGE) $(wildcard $(top_srcdir)/po/*.po) ; LC_ALL=C $(INTLTOOL_MERGE) -x -u -c $(top_builddir)/po/.intltool-merge-cache $(top_srcdir)/po $< $@'
INTLTOOL_PROP_RULE='%.prop:      %.prop.in      $(INTLTOOL_MERGE) $(wildcard $(top_srcdir)/po/*.po) ; LC_ALL=C $(INTLTOOL_MERGE) -d -u -c $(top_builddir)/po/.intltool-merge-cache $(top_srcdir)/po $< $@'
INTLTOOL_SCHEMAS_RULE='%.schemas:   %.schemas.in   $(INTLTOOL_MERGE) $(wildcard $(top_srcdir)/po/*.po) ; LC_ALL=C $(INTLTOOL_MERGE) -s -u -c $(top_builddir)/po/.intltool-merge-cache $(top_srcdir)/po $< $@'
INTLTOOL_SERVER_RULE='%.server:    %.server.in    $(INTLTOOL_MERGE) $(wildcard $(top_srcdir)/po/*.po) ; LC_ALL=C $(INTLTOOL_MERGE) -o -u -c $(top_builddir)/po/.intltool-merge-cache $(top_srcdir)/po $< $@'
INTLTOOL_SERVICE_RULE='%.service: %.service.in   $(INTLTOOL_MERGE) $(wildcard $(top_srcdir)/po/*.po) ; LC_ALL=C $(INTLTOOL_MERGE) -d -u -c $(top_builddir)/po/.intltool-merge-cache $(top_srcdir)/po $< $@'
INTLTOOL_SHEET_RULE='%.sheet:     %.sheet.in     $(INTLTOOL_MERGE) $(wildcard $(top_srcdir)/po/*.po) ; LC_ALL=C $(INTLTOOL_MERGE) -x -u -c $(top_builddir)/po/.intltool-merge-cache $(top_srcdir)/po $< $@'
INTLTOOL_SOUNDLIST_RULE='%.soundlist: %.soundlist.in $(INTLTOOL_MERGE) $(wildcard $(top_srcdir)/po/*.po) ; LC_ALL=C $(INTLTOOL_MERGE) -d -u -c $(top_builddir)/po/.intltool-merge-cache $(top_srcdir)/po $< $@'
INTLTOOL_THEME_RULE='%.theme:     %.theme.in     $(INTLTOOL_MERGE) $(wildcard $(top_srcdir)/po/*.po) ; LC_ALL=C $(INTLTOOL_MERGE) -d -u -c $(top_builddir)/po/.intltool-merge-cache $(top_srcdir)/po $< $@'
INTLTOOL_UI_RULE='%.ui:        %.ui.in        $(INTLTOOL_MERGE) $(wildcard $(top_srcdir)/po/*.po) ; LC_ALL=C $(INTLTOOL_MERGE) -x -u -c $(top_builddir)/po/.intltool-merge-cache $(top_srcdir)/po $< $@'
INTLTOOL_UPDATE='$(top_builddir)/intltool-update'
INTLTOOL_XAM_RULE='%.xam:       %.xml.in       $(INTLTOOL_MERGE) $(wildcard $(top_srcdir)/po/*.po) ; LC_ALL=C $(INTLTOOL_MERGE) -x -u -c $(top_builddir)/po/.intltool-merge-cache $(top_srcdir)/po $< $@'
INTLTOOL_XML_NOMERGE_RULE='%.xml:       %.xml.in       $(INTLTOOL_MERGE) ; LC_ALL=C $(INTLTOOL_MERGE) -x -u /tmp $< $@'
INTLTOOL_XML_RULE='%.xml:       %.xml.in       $(INTLTOOL_MERGE) $(wildcard $(top_srcdir)/po/*.po) ; LC_ALL=C $(INTLTOOL_MERGE) -x -u -c $(top_builddir)/po/.intltool-merge-cache $(top_srcdir)/po $< $@'
LDFLAGS=''
LIBOBJS=''
LIBS=''
LTLIBOBJS=''
MAINT=''
MAINTAINER_MODE_FALSE='#'
MAINTAINER_MODE_TRUE=''
MAKEINFO='${SHELL} /home/meek/scribes-new-dev/missing --run makeinfo'
MKINSTALLDIRS='./mkinstalldirs'
MSGFMT='/usr/bin/msgfmt'
MSGFMT_OPTS='-c'
MSGMERGE='/usr/bin/msgmerge'
OBJEXT='o'
OMF_DIR='${datadir}/omf'
PACKAGE='scribes'
PACKAGE_BUGREPORT='<mystilleef@gmail.com>'
PACKAGE_NAME='scribes'
PACKAGE_STRING='scribes 0.3.4-dev3'
PACKAGE_TARNAME='scribes'
PACKAGE_VERSION='0.3.4-dev3'
PATH_SEPARATOR=':'
PKG_CONFIG='/usr/bin/pkg-config'
POFILES=' de.po fr.po nl.po it.po pt_BR.po sv.po zh_CN.po'
POSUB='po'
PO_IN_DATADIR_FALSE=''
PO_IN_DATADIR_TRUE=''
PYTHON='/usr/bin/python'
PYTHON_EXEC_PREFIX='${exec_prefix}'
PYTHON_PLATFORM='linux2'
PYTHON_PREFIX='${prefix}'
PYTHON_VERSION='2.5'
SED='/bin/sed'
SET_MAKE=''
SHELL='/bin/bash'
STRIP=''
USE_NLS='yes'
VERSION='0.3.4-dev3'
XGETTEXT='/usr/bin/xgettext'
YELP='/usr/bin/yelp'
ac_ct_CC='gcc'
am__fastdepCC_FALSE=''
am__fastdepCC_TRUE='#'
am__include='include'
am__isrc=''
am__leading_dot='.'
am__quote=''
am__tar='${AMTAR} chof - "$$tardir"'
am__untar='${AMTAR} xf -'
bindir='${exec_prefix}/bin'
build_alias=''
datadir='${datarootdir}'
datarootdir='${prefix}/share'
docdir='${datarootdir}/doc/${PACKAGE_TARNAME}'
dvidir='${docdir}'
exec_prefix='${prefix}'
host_alias=''
htmldir='${docdir}'
includedir='${prefix}/include'
infodir='${datarootdir}/info'
install_sh='$(SHELL) /home/meek/scribes-new-dev/install-sh'
libdir='${exec_prefix}/lib'
libexecdir='${exec_prefix}/libexec'
localedir='${datarootdir}/locale'
localstatedir='${prefix}/var'
mandir='${datarootdir}/man'
mkdir_p='/bin/mkdir -p'
oldincludedir='/usr/include'
pdfdir='${docdir}'
pkgpyexecdir='${pyexecdir}/scribes'
pkgpythondir='${pythondir}/scribes'
prefix='/usr'
program_transform_name='s,x,x,'
psdir='${docdir}'
pyexecdir='${exec_prefix}/lib/python2.5/site-packages'
pythondir='${prefix}/lib/python2.5/site-packages'
sbindir='${exec_prefix}/sbin'
sharedstatedir='${prefix}/com'
sysconfdir='${prefix}/etc'
target_alias=''

## ----------- ##
## confdefs.h. ##
## ----------- ##

#define PACKAGE_NAME "scribes"
#define PACKAGE_TARNAME "scribes"
#define PACKAGE_VERSION "0.3.4-dev3"
#define PACKAGE_STRING "scribes 0.3.4-dev3"
#define PACKAGE_BUGREPORT "<mystilleef@gmail.com>"
#define PACKAGE "scribes"
#define VERSION "0.3.4-dev3"
#define GETTEXT_PACKAGE "scribes"
#define STDC_HEADERS 1
#define HAVE_SYS_TYPES_H 1
#define HAVE_SYS_STAT_H 1
#define HAVE_STDLIB_H 1
#define HAVE_STRING_H 1
#define HAVE_MEMORY_H 1
#define HAVE_STRINGS_H 1
#define HAVE_INTTYPES_H 1
#define HAVE_STDINT_H 1
#define HAVE_UNISTD_H 1
#define HAVE_LOCALE_H 1
#define HAVE_LC_MESSAGES 1
#define HAVE_BIND_TEXTDOMAIN_CODESET 1
#define HAVE_GETTEXT 1
#define HAVE_DCGETTEXT 1
#define ENABLE_NLS 1

configure: exit 0
